\BOOKMARK [0][-]{chapter.1}{\376\377\000S\000e\000t\000u\000p}{}% 1
\BOOKMARK [1][-]{section.1.1}{\376\377\000S\000y\000s\000t\000e\000m\000\040\000r\000e\000q\000u\000i\000r\000e\000m\000e\000n\000t\000s}{chapter.1}% 2
\BOOKMARK [1][-]{section.1.2}{\376\377\000S\000e\000t\000u\000p\000\040\000t\000h\000e\000\040\000J\000a\000v\000a\000\040\000R\000u\000n\000t\000i\000m\000e\000\040\000E\000n\000v\000i\000r\000o\000n\000m\000e\000n\000t\000\040\000\050\000J\000R\000E\000\051}{chapter.1}% 3
\BOOKMARK [1][-]{section.1.3}{\376\377\000S\000e\000t\000u\000p\000\040\000K\000G\000G\000S\000E\000E}{chapter.1}% 4
\BOOKMARK [0][-]{chapter.2}{\376\377\000Q\000u\000i\000c\000k\000\040\000t\000u\000t\000o\000r\000i\000a\000l\000s}{}% 5
\BOOKMARK [1][-]{section.2.1}{\376\377\000G\000e\000n\000e\000-\000b\000a\000s\000e\000d\000\040\000a\000s\000s\000o\000c\000i\000a\000t\000i\000o\000n\000\040\000t\000e\000s\000t\000s}{chapter.2}% 6
\BOOKMARK [1][-]{section.2.2}{\376\377\000D\000E\000S\000E}{chapter.2}% 7
\BOOKMARK [1][-]{section.2.3}{\376\377\000E\000M\000I\000C}{chapter.2}% 8
\BOOKMARK [1][-]{section.2.4}{\376\377\000G\000e\000n\000e\000-\000b\000a\000s\000e\000d\000\040\000h\000e\000r\000i\000t\000a\000b\000i\000l\000i\000t\000y\000\040\000e\000s\000t\000i\000m\000a\000t\000i\000o\000n}{chapter.2}% 9
\BOOKMARK [0][-]{chapter.3}{\376\377\000D\000e\000t\000a\000i\000l\000e\000d\000\040\000D\000o\000c\000u\000m\000e\000n\000t}{}% 10
\BOOKMARK [1][-]{section.3.1}{\376\377\000G\000e\000n\000e\000-\000b\000a\000s\000e\000d\000\040\000a\000s\000s\000o\000c\000i\000a\000t\000i\000o\000n\000\040\000t\000e\000s\000t\000s}{chapter.3}% 11
\BOOKMARK [2][-]{subsection.3.1.1}{\376\377\000S\000y\000n\000o\000p\000s\000i\000s}{section.3.1}% 12
\BOOKMARK [2][-]{subsection.3.1.2}{\376\377\000E\000x\000a\000m\000p\000l\000e\000s}{section.3.1}% 13
\BOOKMARK [3][-]{subsubsection.3.1.2.1}{\376\377\000G\000e\000n\000e\000-\000b\000a\000s\000e\000d\000\040\000a\000s\000s\000o\000c\000i\000a\000t\000i\000o\000n\000\040\000t\000e\000s\000t\000s\000\040\000b\000a\000s\000e\000d\000\040\000o\000n\000\040\000p\000h\000y\000s\000i\000c\000a\000l\000\040\000d\000i\000s\000t\000a\000n\000c\000e}{subsection.3.1.2}% 14
\BOOKMARK [3][-]{subsubsection.3.1.2.2}{\376\377\000G\000e\000n\000e\000-\000b\000a\000s\000e\000d\000\040\000a\000s\000s\000o\000c\000i\000a\000t\000i\000o\000n\000\040\000t\000e\000s\000t\000s\000\040\000b\000a\000s\000e\000d\000\040\000o\000n\000\040\000e\000Q\000T\000L\000s}{subsection.3.1.2}% 15
\BOOKMARK [3][-]{subsubsection.3.1.2.3}{\376\377\000T\000r\000a\000n\000s\000c\000r\000i\000p\000t\000-\000b\000a\000s\000e\000d\000\040\000a\000s\000s\000o\000c\000i\000a\000t\000i\000o\000n\000\040\000t\000e\000s\000t\000s\000\040\000b\000a\000s\000e\000d\000\040\000o\000n\000\040\000e\000Q\000T\000L\000s}{subsection.3.1.2}% 16
\BOOKMARK [2][-]{subsection.3.1.3}{\376\377\000O\000u\000t\000p\000u\000t\000s}{section.3.1}% 17
\BOOKMARK [1][-]{section.3.2}{\376\377\000D\000E\000S\000E}{chapter.3}% 18
\BOOKMARK [2][-]{subsection.3.2.1}{\376\377\000S\000y\000n\000o\000p\000s\000i\000s}{section.3.2}% 19
\BOOKMARK [2][-]{subsection.3.2.2}{\376\377\000E\000x\000a\000m\000p\000l\000e\000s}{section.3.2}% 20
\BOOKMARK [3][-]{subsubsection.3.2.2.1}{\376\377\000D\000E\000S\000E\000\040\000b\000a\000s\000e\000d\000\040\000o\000n\000\040\000p\000h\000y\000s\000i\000c\000a\000l\000\040\000d\000i\000s\000t\000a\000n\000c\000e}{subsection.3.2.2}% 21
\BOOKMARK [3][-]{subsubsection.3.2.2.2}{\376\377\000e\000D\000E\000S\000E\000\040\000b\000a\000s\000e\000d\000\040\000o\000n\000\040\000g\000e\000n\000e\000-\000l\000e\000v\000e\000l\000\040\000e\000Q\000T\000L\000s}{subsection.3.2.2}% 22
\BOOKMARK [3][-]{subsubsection.3.2.2.3}{\376\377\000S\000e\000l\000D\000P\000\040\000b\000a\000s\000e\000d\000\040\000o\000n\000\040\000g\000e\000n\000e\000-\000l\000e\000v\000e\000l\000\040\000e\000Q\000T\000L\000s}{subsection.3.2.2}% 23
\BOOKMARK [2][-]{subsection.3.2.3}{\376\377\000O\000u\000t\000p\000u\000t\000s}{section.3.2}% 24
\BOOKMARK [1][-]{section.3.3}{\376\377\000E\000M\000I\000C}{chapter.3}% 25
\BOOKMARK [2][-]{subsection.3.3.1}{\376\377\000S\000y\000n\000o\000p\000s\000i\000s}{section.3.3}% 26
\BOOKMARK [2][-]{subsection.3.3.2}{\376\377\000E\000x\000a\000m\000p\000l\000e\000s}{section.3.3}% 27
\BOOKMARK [3][-]{subsubsection.3.3.2.1}{\376\377\000E\000M\000I\000C\000\040\000b\000a\000s\000e\000d\000\040\000o\000n\000\040\000g\000e\000n\000e\000-\000l\000e\000v\000e\000l\000\040\000e\000Q\000T\000L}{subsection.3.3.2}% 28
\BOOKMARK [3][-]{subsubsection.3.3.2.2}{\376\377\000E\000M\000I\000C\000\040\000b\000a\000s\000e\000d\000\040\000o\000n\000\040\000t\000r\000a\000n\000s\000c\000r\000i\000p\000t\000-\000l\000e\000v\000e\000l\000\040\000e\000Q\000T\000L}{subsection.3.3.2}% 29
\BOOKMARK [2][-]{subsection.3.3.3}{\376\377\000O\000u\000t\000p\000u\000t\000s}{section.3.3}% 30
\BOOKMARK [1][-]{section.3.4}{\376\377\000G\000e\000n\000e\000-\000b\000a\000s\000e\000d\000\040\000h\000e\000r\000i\000t\000a\000b\000i\000l\000i\000t\000y\000\040\000e\000s\000t\000i\000m\000a\000t\000i\000o\000n}{chapter.3}% 31
\BOOKMARK [2][-]{subsection.3.4.1}{\376\377\000S\000y\000n\000o\000p\000s\000i\000s}{section.3.4}% 32
\BOOKMARK [2][-]{subsection.3.4.2}{\376\377\000E\000x\000a\000m\000p\000l\000e\000s}{section.3.4}% 33
\BOOKMARK [3][-]{subsubsection.3.4.2.1}{\376\377\000G\000e\000n\000e\000\040\000h\000e\000r\000i\000t\000a\000b\000i\000l\000i\000t\000y\000\040\000b\000a\000s\000e\000d\000\040\000o\000n\000\040\000p\000h\000y\000s\000i\000c\000a\000l\000\040\000d\000i\000s\000t\000a\000n\000c\000e}{subsection.3.4.2}% 34
\BOOKMARK [3][-]{subsubsection.3.4.2.2}{\376\377\000G\000e\000n\000e\000\040\000h\000e\000r\000i\000t\000a\000b\000i\000l\000i\000t\000y\000\040\000b\000a\000s\000e\000d\000\040\000o\000n\000\040\000e\000Q\000T\000L\000s}{subsection.3.4.2}% 35
\BOOKMARK [3][-]{subsubsection.3.4.2.3}{\376\377\000T\000r\000a\000n\000s\000c\000r\000i\000p\000t\000\040\000h\000e\000r\000i\000t\000a\000b\000i\000l\000i\000t\000y\000\040\000b\000a\000s\000e\000d\000\040\000o\000n\000\040\000e\000Q\000T\000L\000s}{subsection.3.4.2}% 36
\BOOKMARK [2][-]{subsection.3.4.3}{\376\377\000O\000u\000t\000p\000u\000t\000s}{section.3.4}% 37
\BOOKMARK [0][-]{chapter.4}{\376\377\000O\000p\000t\000i\000o\000n\000s}{}% 38
\BOOKMARK [1][-]{section.4.1}{\376\377\000R\000e\000f\000e\000r\000e\000n\000c\000e\000\040\000p\000o\000p\000u\000l\000a\000t\000i\000o\000n\000\040\000g\000e\000n\000o\000t\000y\000p\000e\000s}{chapter.4}% 39
\BOOKMARK [1][-]{section.4.2}{\376\377\000G\000W\000A\000S\000\040\000s\000u\000m\000m\000a\000r\000y\000\040\000s\000t\000a\000t\000i\000s\000t\000i\000c\000s}{chapter.4}% 40
\BOOKMARK [1][-]{section.4.3}{\376\377\000G\000e\000n\000e\000-\000b\000a\000s\000e\000d\000\040\000a\000s\000s\000o\000c\000i\000a\000t\000i\000o\000n\000\040\000a\000n\000d\000\040\000h\000e\000r\000i\000t\000a\000b\000i\000l\000i\000t\000y}{chapter.4}% 41
\BOOKMARK [1][-]{section.4.4}{\376\377\000D\000E\000S\000E}{chapter.4}% 42
\BOOKMARK [1][-]{section.4.5}{\376\377\000E\000M\000I\000C}{chapter.4}% 43
\BOOKMARK [1][-]{section.4.6}{\376\377\000M\000i\000s\000c\000e\000l\000l\000a\000n\000e\000o\000u\000s\000\040\000g\000l\000o\000b\000a\000l\000\040\000o\000p\000t\000i\000o\000n\000s}{chapter.4}% 44
